<?xml version="1.0" encoding="UTF-8"?>
<!-- Generated by org.testng.reporters.JUnitReportReporter -->
<testsuite hostname="wale-pc" name="TestRunner.TestRunner" tests="1" failures="0" timestamp="21 Mar 2019 15:59:37 GMT" time="0.100" errors="0">
  <testcase name="feature" time="0.100" classname="TestRunner.TestRunner"/>
</testsuite> <!-- TestRunner.TestRunner -->
