<?xml version="1.0" encoding="UTF-8"?>
<!-- Generated by org.testng.reporters.JUnitReportReporter -->
<testsuite hostname="wale-pc" name="TestRunner.TestRunner" tests="1" failures="0" timestamp="25 May 2019 17:09:28 GMT" time="21.617" errors="0">
  <testcase name="feature" time="21.617" classname="TestRunner.TestRunner"/>
</testsuite> <!-- TestRunner.TestRunner -->
